This file contains any messages produced by compilers while
running configure, to aid debugging if configure makes a mistake.

It was created by netCDF configure 4.9.3, which was
generated by GNU Autoconf 2.72.  Invocation command line was

  $ ./configure --prefix=/usr/local --disable-dap

## --------- ##
## Platform. ##
## --------- ##

hostname = 65-dev-server
uname -m = x86_64
uname -r = 3.10.0-1160.118.1.el7.x86_64
uname -s = Linux
uname -v = #1 SMP Wed Apr 24 16:01:50 UTC 2024

/usr/bin/uname -p = x86_64
/bin/uname -X     = unknown

/bin/arch              = x86_64
/usr/bin/arch -k       = unknown
/usr/convex/getsysinfo = unknown
/usr/bin/hostinfo      = unknown
/bin/machine           = unknown
/usr/bin/oslevel       = unknown
/bin/universe          = unknown

PATH: /usr/lib/jvm/java-11-openjdk-11.0.21/bin/
PATH: /opt/maven/bin/
PATH: /usr/local/sbin/
PATH: /usr/local/bin/
PATH: /usr/sbin/
PATH: /usr/bin/
PATH: /opt/jdk1.8.0_211/
PATH: /root/bin/


## ----------- ##
## Core tests. ##
## ----------- ##

configure:3716: looking for aux files: ltmain.sh missing install-sh compile config.guess config.sub
configure:3729:  trying ./
configure:3758:   ./ltmain.sh found
configure:3758:   ./missing found
configure:3740:   ./install-sh found
configure:3758:   ./compile found
configure:3758:   ./config.guess found
configure:3758:   ./config.sub found
configure:3901: netCDF 4.9.3
configure:3922: checking build system type
configure:3938: result: x86_64-pc-linux-gnu
configure:3958: checking host system type
configure:3973: result: x86_64-pc-linux-gnu
configure:3995: checking target system type
configure:4010: result: x86_64-pc-linux-gnu
configure:4119: checking for gcc
configure:4155: result: no
configure:4224: checking for cc
configure:4277: result: no
configure:4339: checking for cl.exe
configure:4375: result: no
configure:4447: checking for clang
configure:4483: result: no
configure:4505: error: in '/DATA_EXT/DATA/re50hertz/24_23_QA_Team/Abhishek_Sinha/Commit_File/netcdf-c-4.9.3':
configure:4507: error: no acceptable C compiler found in $PATH
See 'config.log' for more details

## ---------------- ##
## Cache variables. ##
## ---------------- ##

ac_cv_build=x86_64-pc-linux-gnu
ac_cv_env_CCC_set=
ac_cv_env_CCC_value=
ac_cv_env_CC_set=
ac_cv_env_CC_value=
ac_cv_env_CFLAGS_set=
ac_cv_env_CFLAGS_value=
ac_cv_env_CPPFLAGS_set=
ac_cv_env_CPPFLAGS_value=
ac_cv_env_CPP_set=
ac_cv_env_CPP_value=
ac_cv_env_CXXCPP_set=
ac_cv_env_CXXCPP_value=
ac_cv_env_CXXFLAGS_set=
ac_cv_env_CXXFLAGS_value=
ac_cv_env_CXX_set=
ac_cv_env_CXX_value=
ac_cv_env_LDFLAGS_set=
ac_cv_env_LDFLAGS_value=
ac_cv_env_LIBS_set=
ac_cv_env_LIBS_value=
ac_cv_env_LT_SYS_LIBRARY_PATH_set=
ac_cv_env_LT_SYS_LIBRARY_PATH_value=
ac_cv_env_build_alias_set=
ac_cv_env_build_alias_value=
ac_cv_env_host_alias_set=
ac_cv_env_host_alias_value=
ac_cv_env_target_alias_set=
ac_cv_env_target_alias_value=
ac_cv_host=x86_64-pc-linux-gnu
ac_cv_target=x86_64-pc-linux-gnu

## ----------------- ##
## Output variables. ##
## ----------------- ##

ACLOCAL=''
ALLOCA=''
AMDEPBACKSLASH=''
AMDEP_FALSE=''
AMDEP_TRUE=''
AMTAR=''
AM_BACKSLASH=''
AM_CFLAGS=''
AM_CPPFLAGS=''
AM_DEFAULT_V=''
AM_DEFAULT_VERBOSITY=''
AM_LDFLAGS=''
AM_V=''
AR=''
AUTOCONF=''
AUTOHEADER=''
AUTOMAKE=''
AWK=''
AX_DISABLE_FALSE=''
AX_DISABLE_TRUE=''
AX_ENABLE_FALSE=''
AX_ENABLE_TRUE=''
AX_MANUAL_FALSE=''
AX_MANUAL_TRUE=''
BINFILE_NAME=''
BUILD_BENCHMARKS_FALSE=''
BUILD_BENCHMARKS_TRUE=''
BUILD_DAP_FALSE=''
BUILD_DAP_TRUE=''
BUILD_DOCS_FALSE=''
BUILD_DOCS_TRUE=''
BUILD_EXAMPLES_FALSE=''
BUILD_EXAMPLES_TRUE=''
BUILD_INTERNAL_DOCS=''
BUILD_MMAP_FALSE=''
BUILD_MMAP_TRUE=''
BUILD_PARALLEL_FALSE=''
BUILD_PARALLEL_TRUE=''
BUILD_TESTSETS_FALSE=''
BUILD_TESTSETS_TRUE=''
BUILD_UNIT_TESTS_FALSE=''
BUILD_UNIT_TESTS_TRUE=''
BUILD_V2_FALSE=''
BUILD_V2_TRUE=''
CC=''
CCDEPMODE=''
CC_VERSION=''
CFLAGS=''
CONFIG_DATE='Fri May 16 17:27:24 IST 2025'
CPP=''
CPPFLAGS=''
CROSS_COMPILING_FALSE=''
CROSS_COMPILING_TRUE=''
CSCOPE=''
CTAGS=''
CXX=''
CXXCPP=''
CXXDEPMODE=''
CXXFLAGS=''
CYGPATH_W=''
DEFS=''
DEPDIR=''
DLLTOOL=''
DOT=''
DOXYGEN=''
DOXYGEN_BUILD_RELEASE_DOCS_FALSE=''
DOXYGEN_BUILD_RELEASE_DOCS_TRUE=''
DOXYGEN_CSS_FILE=''
DOXYGEN_HEADER_FILE=''
DOXYGEN_SEARCHENGINE=''
DOXYGEN_SERVER_BASED_SEARCH=''
DO_FILTER_TESTS=''
DO_LARGE_TESTS=''
DO_REMOTE_FUNCTIONALITY=''
DSYMUTIL=''
DUMPBIN=''
ECHO_C=''
ECHO_N='-n'
ECHO_T=''
EGREP=''
ENABLED_DOC_SECTIONS=''
ENABLE_NCDUMPCHUNKS_FALSE=''
ENABLE_NCDUMPCHUNKS_TRUE=''
ENABLE_PLUGIN_DIR_FALSE=''
ENABLE_PLUGIN_DIR_TRUE=''
ENABLE_VALGRIND_FALSE=''
ENABLE_VALGRIND_TRUE=''
ENABLE_VALGRIND_drd=''
ENABLE_VALGRIND_helgrind=''
ENABLE_VALGRIND_memcheck=''
ENABLE_VALGRIND_sgcheck=''
ETAGS=''
EXEEXT=''
FGREP=''
FILECMD=''
GREP=''
HAS_BENCHMARKS=''
HAS_BYTERANGE=''
HAS_CDF5=''
HAS_DAP2=''
HAS_DAP4=''
HAS_DAP=''
HAS_DEFLATE=''
HAS_DISKLESS=''
HAS_ERANGE_FILL=''
HAS_HDF4=''
HAS_HDF5=''
HAS_HDF5_ROS3=''
HAS_LEGACY_MACROS=''
HAS_LOGGING=''
HAS_MMAP=''
HAS_NC2=''
HAS_NC4=''
HAS_NCZARR=''
HAS_NCZARR_ZIP=''
HAS_PARALLEL4=''
HAS_PARALLEL=''
HAS_PAR_FILTERS=''
HAS_PAR_FILTERS_FALSE=''
HAS_PAR_FILTERS_TRUE=''
HAS_PLUGINS=''
HAS_PNETCDF=''
HAS_QUANTIZE=''
HAS_S3=''
HAS_S3_AWS=''
HAS_S3_INTERNAL=''
HAS_SZLIB=''
HAS_SZLIB_WRITE=''
HAS_ZSTD=''
HAVE_BLOSC_FALSE=''
HAVE_BLOSC_TRUE=''
HAVE_BZ2_FALSE=''
HAVE_BZ2_TRUE=''
HAVE_DEFLATE_FALSE=''
HAVE_DEFLATE_TRUE=''
HAVE_DOT=''
HAVE_GETFATTR=''
HAVE_H5Z_SZIP_FALSE=''
HAVE_H5Z_SZIP_TRUE=''
HAVE_LOCAL_BZ2_FALSE=''
HAVE_LOCAL_BZ2_TRUE=''
HAVE_SZ_FALSE=''
HAVE_SZ_TRUE=''
HAVE_ZSTD_FALSE=''
HAVE_ZSTD_TRUE=''
INSTALL_DATA=''
INSTALL_PROGRAM=''
INSTALL_SCRIPT=''
INSTALL_STRIP_PROGRAM=''
ISCMAKE=''
ISCYGWIN=''
ISCYGWIN_FALSE=''
ISCYGWIN_TRUE=''
ISMINGW=''
ISMINGW_FALSE=''
ISMINGW_TRUE=''
ISMSVC=''
ISMSVC_FALSE=''
ISMSVC_TRUE=''
ISMSYS=''
ISMSYS_FALSE=''
ISMSYS_TRUE=''
ISOSX=''
ISOSX_FALSE=''
ISOSX_TRUE=''
ISREGEDIT=''
LARGE_FILE_TESTS_FALSE=''
LARGE_FILE_TESTS_TRUE=''
LD=''
LDFLAGS=''
LIBOBJS=''
LIBS=''
LIBTOOL=''
LIPO=''
LN_S=''
LTLIBOBJS=''
LT_SYS_LIBRARY_PATH=''
M4FLAGS=''
MAINT=''
MAINTAINER_MODE_FALSE=''
MAINTAINER_MODE_TRUE=''
MAKEINFO=''
MANIFEST_TOOL=''
MKDIR_P=''
MPIEXEC=''
NC_DISPATCH_VERSION=''
NC_HAS_BENCHMARKS=''
NC_HAS_BLOSC=''
NC_HAS_BYTERANGE=''
NC_HAS_BZ2=''
NC_HAS_CDF5=''
NC_HAS_DAP2=''
NC_HAS_DAP4=''
NC_HAS_DISKLESS=''
NC_HAS_ERANGE_FILL=''
NC_HAS_HDF4=''
NC_HAS_HDF5=''
NC_HAS_HDF5_ROS3=''
NC_HAS_LOGGING=''
NC_HAS_MMAP=''
NC_HAS_NC2=''
NC_HAS_NCZARR=''
NC_HAS_PARALLEL4=''
NC_HAS_PARALLEL=''
NC_HAS_PAR_FILTERS=''
NC_HAS_PNETCDF=''
NC_HAS_QUANTIZE=''
NC_HAS_S3=''
NC_HAS_S3_AWS=''
NC_HAS_S3_INTERNAL=''
NC_HAS_SZIP=''
NC_HAS_ZSTD=''
NC_LIBS=''
NC_M4=''
NC_NETCDF_ENABLE_DOXYGEN_PDF_OUTPUT=''
NC_NETCDF_ENABLE_DOXYGEN_PDF_OUTPUT_FALSE=''
NC_NETCDF_ENABLE_DOXYGEN_PDF_OUTPUT_TRUE=''
NC_VERSION=''
NC_VERSION_NOTE=''
NC_XML2_CONFIG=''
NETCDF_BUILD_UTILITIES_FALSE=''
NETCDF_BUILD_UTILITIES_TRUE=''
NETCDF_ENABLE_BYTERANGE_FALSE=''
NETCDF_ENABLE_BYTERANGE_TRUE=''
NETCDF_ENABLE_CDF5_FALSE=''
NETCDF_ENABLE_CDF5_TRUE=''
NETCDF_ENABLE_DAP4_FALSE=''
NETCDF_ENABLE_DAP4_TRUE=''
NETCDF_ENABLE_DAP_AUTH_TESTS_FALSE=''
NETCDF_ENABLE_DAP_AUTH_TESTS_TRUE=''
NETCDF_ENABLE_DAP_FALSE=''
NETCDF_ENABLE_DAP_LONG_TESTS_FALSE=''
NETCDF_ENABLE_DAP_LONG_TESTS_TRUE=''
NETCDF_ENABLE_DAP_REMOTE_TESTS_FALSE=''
NETCDF_ENABLE_DAP_REMOTE_TESTS_TRUE=''
NETCDF_ENABLE_DAP_TRUE=''
NETCDF_ENABLE_EXTERNAL_SERVER_TESTS_FALSE=''
NETCDF_ENABLE_EXTERNAL_SERVER_TESTS_TRUE=''
NETCDF_ENABLE_FILTER_TESTING_FALSE=''
NETCDF_ENABLE_FILTER_TESTING_TRUE=''
NETCDF_ENABLE_LEGACY_MACROS_FALSE=''
NETCDF_ENABLE_LEGACY_MACROS_TRUE=''
NETCDF_ENABLE_LIBXML2_FALSE=''
NETCDF_ENABLE_LIBXML2_TRUE=''
NETCDF_ENABLE_METADATA_PERF_FALSE=''
NETCDF_ENABLE_METADATA_PERF_TRUE=''
NETCDF_ENABLE_NCZARR=''
NETCDF_ENABLE_NCZARR_FALSE=''
NETCDF_ENABLE_NCZARR_FILTERS_FALSE=''
NETCDF_ENABLE_NCZARR_FILTERS_TRUE=''
NETCDF_ENABLE_NCZARR_TRUE=''
NETCDF_ENABLE_NCZARR_ZIP_FALSE=''
NETCDF_ENABLE_NCZARR_ZIP_TRUE=''
NETCDF_ENABLE_PARALLEL_FALSE=''
NETCDF_ENABLE_PARALLEL_TRUE=''
NETCDF_ENABLE_PLUGINS_FALSE=''
NETCDF_ENABLE_PLUGINS_TRUE=''
NETCDF_ENABLE_QUANTIZE_FALSE=''
NETCDF_ENABLE_QUANTIZE_TRUE=''
NETCDF_ENABLE_S3_AWS_FALSE=''
NETCDF_ENABLE_S3_AWS_TRUE=''
NETCDF_ENABLE_S3_FALSE=''
NETCDF_ENABLE_S3_INTERNAL_FALSE=''
NETCDF_ENABLE_S3_INTERNAL_TRUE=''
NETCDF_ENABLE_S3_TESTALL_FALSE=''
NETCDF_ENABLE_S3_TESTALL_TRUE=''
NETCDF_ENABLE_S3_TESTING=''
NETCDF_ENABLE_S3_TESTPUB_FALSE=''
NETCDF_ENABLE_S3_TESTPUB_TRUE=''
NETCDF_ENABLE_S3_TRUE=''
NETCDF_PLUGIN_INSTALL_DIR=''
NETCDF_PLUGIN_SEARCH_PATH=''
NM=''
NMEDIT=''
NOUNDEFINED=''
OBJDUMP=''
OBJEXT=''
OTOOL64=''
OTOOL=''
PACKAGE=''
PACKAGE_BUGREPORT='support-netcdf@unidata.ucar.edu'
PACKAGE_NAME='netCDF'
PACKAGE_STRING='netCDF 4.9.3'
PACKAGE_TARNAME='netcdf-c'
PACKAGE_URL=''
PACKAGE_VERSION='4.9.3'
PATH_SEPARATOR=':'
PLATFORMUID=''
RANLIB=''
REGEDIT_FALSE=''
REGEDIT_TRUE=''
RELAX_COORD_BOUND=''
RELAX_COORD_BOUND_FALSE=''
RELAX_COORD_BOUND_TRUE=''
S3TESTBUCKET=''
S3TESTSUBTREE=''
SED=''
SET_MAKE=''
SHELL='/bin/sh'
SHOW_DOXYGEN_TAG_LIST=''
SHOW_DOXYGEN_TAG_LIST_FALSE=''
SHOW_DOXYGEN_TAG_LIST_TRUE=''
STD_FILTERS=''
STRIP=''
TESTUID=''
TEST_PARALLEL4_FALSE=''
TEST_PARALLEL4_TRUE=''
USEPLUGINS=''
USE_DAP_FALSE=''
USE_DAP_TRUE=''
USE_DISPATCH_FALSE=''
USE_DISPATCH_TRUE=''
USE_FFIO_FALSE=''
USE_FFIO_TRUE=''
USE_HDF4_FALSE=''
USE_HDF4_FILE_TESTS_FALSE=''
USE_HDF4_FILE_TESTS_TRUE=''
USE_HDF4_TRUE=''
USE_HDF5_FALSE=''
USE_HDF5_TRUE=''
USE_LOGGING_FALSE=''
USE_LOGGING_TRUE=''
USE_NETCDF4_FALSE=''
USE_NETCDF4_TRUE=''
USE_PNETCDF_DIR_FALSE=''
USE_PNETCDF_DIR_TRUE=''
USE_PNETCDF_FALSE=''
USE_PNETCDF_TRUE=''
USE_RENAMEV3_FALSE=''
USE_RENAMEV3_TRUE=''
USE_STDIO_FALSE=''
USE_STDIO_TRUE=''
USE_STRICT_NULL_BYTE_HEADER_PADDING_FALSE=''
USE_STRICT_NULL_BYTE_HEADER_PADDING_TRUE=''
VALGRIND=''
VALGRIND_CHECK_RULES=''
VALGRIND_ENABLED=''
VALGRIND_ENABLED_FALSE=''
VALGRIND_ENABLED_TRUE=''
VERSION=''
WHICH_S3_SDK=''
WINVERBUILD=''
WINVERMAJOR=''
XML2FLAGS=''
XMLPARSER=''
ac_ct_AR=''
ac_ct_CC=''
ac_ct_CXX=''
ac_ct_DUMPBIN=''
am__EXEEXT_FALSE=''
am__EXEEXT_TRUE=''
am__fastdepCC_FALSE=''
am__fastdepCC_TRUE=''
am__fastdepCXX_FALSE=''
am__fastdepCXX_TRUE=''
am__include=''
am__isrc=''
am__leading_dot=''
am__nodep=''
am__quote=''
am__rm_f_notfound=''
am__tar=''
am__untar=''
am__xargs_n=''
bindir='${exec_prefix}/bin'
build='x86_64-pc-linux-gnu'
build_alias=''
build_cpu='x86_64'
build_os='linux-gnu'
build_vendor='pc'
datadir='${datarootdir}'
datarootdir='${prefix}/share'
docdir='${datarootdir}/doc/${PACKAGE_TARNAME}'
dvidir='${docdir}'
enable_shared=''
enable_static=''
exec_prefix='NONE'
host='x86_64-pc-linux-gnu'
host_alias=''
host_cpu='x86_64'
host_os='linux-gnu'
host_vendor='pc'
htmldir='${docdir}'
includedir='${prefix}/include'
infodir='${datarootdir}/info'
install_sh=''
libdir='${exec_prefix}/lib'
libexecdir='${exec_prefix}/libexec'
localedir='${datarootdir}/locale'
localstatedir='${prefix}/var'
mandir='${datarootdir}/man'
mkdir_p=''
netCDF_SO_VERSION='23:0:1'
netCDF_VERSION_MAJOR='4'
netCDF_VERSION_MINOR='9'
netCDF_VERSION_PATCH='3'
oldincludedir='/usr/include'
pdfdir='${docdir}'
prefix='/usr/local'
program_transform_name='s,x,x,'
psdir='${docdir}'
runstatedir='${localstatedir}/run'
sbindir='${exec_prefix}/sbin'
sharedstatedir='${prefix}/com'
sysconfdir='${prefix}/etc'
target='x86_64-pc-linux-gnu'
target_alias=''
target_cpu='x86_64'
target_os='linux-gnu'
target_vendor='pc'
valgrind_enabled_tools=''
valgrind_tools=''

## ----------- ##
## confdefs.h. ##
## ----------- ##

/* confdefs.h */
#define PACKAGE_NAME "netCDF"
#define PACKAGE_TARNAME "netcdf-c"
#define PACKAGE_VERSION "4.9.3"
#define PACKAGE_STRING "netCDF 4.9.3"
#define PACKAGE_BUGREPORT "support-netcdf@unidata.ucar.edu"
#define PACKAGE_URL ""

configure: exit 1
